Loading required package: mgcv
Loading required package: nlme
This is mgcv 1.8-28. For overview type 'help("mgcv-package")'.
This is scam 1.2-5.
[1] "Computing ROC data ..."
[1] "susie_suff+TRUE"
[1] "susie_rss+TRUE"
[1] "susie_rss+FALSE"
[1] "mnm_suff_oracle+oracle"
[1] "mnm_suff_oracle+covY"
[1] "mnm_rss_oracle+oracle"
[1] "mnm_rss_oracle+identity"
[1] "mnm_rss_oracle+nullz"
[1] "mnm_rss_oracle+corY"
[1] "mnm_rss_naive+oracle"
[1] "mnm_rss_ed+oracle"
[1] "mnm_rss_identity+oracle"
[1] "mnm_rss_shared+oracle"
[1] "Computing ROC data ..."
[1] "susie_suff+TRUE"
[1] "susie_rss+TRUE"
[1] "susie_rss+FALSE"
[1] "mnm_suff_oracle+oracle"
[1] "mnm_suff_oracle+covY"
[1] "mnm_rss_oracle+oracle"
[1] "mnm_rss_oracle+identity"
[1] "mnm_rss_oracle+nullz"
[1] "mnm_rss_oracle+corY"
[1] "mnm_rss_naive+oracle"
[1] "mnm_rss_ed+oracle"
[1] "mnm_rss_identity+oracle"
[1] "mnm_rss_shared+oracle"
[1] "Computing ROC data ..."
[1] "susie_suff+TRUE"
[1] "susie_rss+TRUE"
[1] "susie_rss+FALSE"
[1] "mnm_suff_oracle+oracle"
[1] "mnm_suff_oracle+covY"
[1] "mnm_rss_oracle+oracle"
[1] "mnm_rss_oracle+identity"
[1] "mnm_rss_oracle+nullz"
[1] "mnm_rss_oracle+corY"
[1] "mnm_rss_naive+oracle"
[1] "mnm_rss_ed+oracle"
[1] "mnm_rss_identity+oracle"
[1] "mnm_rss_shared+oracle"
[1] "Computing ROC data ..."
[1] "susie_suff+TRUE"
[1] "susie_rss+TRUE"
[1] "susie_rss+FALSE"
[1] "mnm_suff_oracle+oracle"
[1] "mnm_suff_oracle+covY"
[1] "mnm_rss_oracle+oracle"
[1] "mnm_rss_oracle+identity"
[1] "mnm_rss_oracle+nullz"
[1] "mnm_rss_oracle+corY"
[1] "mnm_rss_naive+oracle"
[1] "mnm_rss_ed+oracle"
[1] "mnm_rss_identity+oracle"
[1] "mnm_rss_shared+oracle"
